# JRE version: OpenJDK Runtime Environment Temurin-21.0.8+9 (21.0.8+9) (build 21.0.8+9-LTS)
# Java VM: OpenJDK 64-Bit Server VM Temurin-21.0.8+9 (21.0.8+9-LTS, mixed mode, sharing, tiered, compressed oops, compressed class ptrs, parallel gc, windows-amd64)
GC Precious Log:
 CardTable entry size: 512
 CPUs: 2 total, 2 available
 Memory: 3534M
 Large Page Support: Disabled
 NUMA Support: Disabled
 Compressed Oops: Enabled (32-bit)
 Alignments: Space 512K, Generation 512K, Heap 2M
 Heap Min Capacity: 100M
 Heap Initial Capacity: 100M
 Heap Max Capacity: 2G
 Pre-touch: Disabled
 Parallel Workers: 2
Heap:
 PSYoungGen      total 5120K, used 4596K [0x00000000d5580000, 0x00000000d5b80000, 0x0000000100000000)
  eden space 4608K, 90% used [0x00000000d5580000,0x00000000d5995028,0x00000000d5a00000)
  from space 512K, 81% used [0x00000000d5a80000,0x00000000d5ae8000,0x00000000d5b00000)
  to   space 512K, 0% used [0x00000000d5b00000,0x00000000d5b00000,0x00000000d5b80000)
 ParOldGen       total 94720K, used 75906K [0x0000000080000000, 0x0000000085c80000, 0x00000000d5580000)
  object space 94720K, 80% used [0x0000000080000000,0x0000000084a20a58,0x0000000085c80000)
 Metaspace       used 65585K, committed 66944K, reserved 1114112K
  class space    used 6928K, committed 7488K, reserved 1048576K
GC Heap History (20 events):
Event: 221.855 GC heap before
{Heap before GC invocations=197 (full 3):
 PSYoungGen      total 5632K, used 5341K [0x00000000d5580000, 0x00000000d5c00000, 0x0000000100000000)
  eden space 4608K, 98% used [0x00000000d5580000,0x00000000d59ed090,0x00000000d5a00000)
  from space 1024K, 79% used [0x00000000d5a00000,0x00000000d5aca580,0x00000000d5b00000)
  to   space 1024K, 0% used [0x00000000d5b00000,0x00000000d5b00000,0x00000000d5c00000)
 ParOldGen       total 94720K, used 74657K [0x0000000080000000, 0x0000000085c80000, 0x00000000d5580000)
  object space 94720K, 78% used [0x0000000080000000,0x00000000848e86b8,0x0000000085c80000)
 Metaspace       used 63132K, committed 64512K, reserved 1114112K
  class space    used 6701K, committed 7296K, reserved 1048576K
}
Event: 221.856 GC heap after
{Heap after GC invocations=197 (full 3):
 PSYoungGen      total 5632K, used 893K [0x00000000d5580000, 0x00000000d5c00000, 0x0000000100000000)
  eden space 4608K, 0% used [0x00000000d5580000,0x00000000d5580000,0x00000000d5a00000)
  from space 1024K, 87% used [0x00000000d5b00000,0x00000000d5bdf6c8,0x00000000d5c00000)
  to   space 1024K, 0% used [0x00000000d5a00000,0x00000000d5a00000,0x00000000d5b00000)
 ParOldGen       total 94720K, used 74657K [0x0000000080000000, 0x0000000085c80000, 0x00000000d5580000)
  object space 94720K, 78% used [0x0000000080000000,0x00000000848e86b8,0x0000000085c80000)
 Metaspace       used 63132K, committed 64512K, reserved 1114112K
  class space    used 6701K, committed 7296K, reserved 1048576K
}
Event: 221.958 GC heap before
{Heap before GC invocations=198 (full 3):
 PSYoungGen      total 5632K, used 5501K [0x00000000d5580000, 0x00000000d5c00000, 0x0000000100000000)
  eden space 4608K, 100% used [0x00000000d5580000,0x00000000d5a00000,0x00000000d5a00000)
  from space 1024K, 87% used [0x00000000d5b00000,0x00000000d5bdf6c8,0x00000000d5c00000)
  to   space 1024K, 0% used [0x00000000d5a00000,0x00000000d5a00000,0x00000000d5b00000)
 ParOldGen       total 94720K, used 74657K [0x0000000080000000, 0x0000000085c80000, 0x00000000d5580000)
  object space 94720K, 78% used [0x0000000080000000,0x00000000848e86b8,0x0000000085c80000)
 Metaspace       used 64011K, committed 65344K, reserved 1114112K
  class space    used 6781K, committed 7360K, reserved 1048576K
}
Event: 221.960 GC heap after
{Heap after GC invocations=198 (full 3):
 PSYoungGen      total 5632K, used 96K [0x00000000d5580000, 0x00000000d5b80000, 0x0000000100000000)
  eden space 4608K, 0% used [0x00000000d5580000,0x00000000d5580000,0x00000000d5a00000)
  from space 1024K, 9% used [0x00000000d5a00000,0x00000000d5a18000,0x00000000d5b00000)
  to   space 512K, 0% used [0x00000000d5b00000,0x00000000d5b00000,0x00000000d5b80000)
 ParOldGen       total 94720K, used 74665K [0x0000000080000000, 0x0000000085c80000, 0x00000000d5580000)
  object space 94720K, 78% used [0x0000000080000000,0x00000000848ea6b8,0x0000000085c80000)
 Metaspace       used 64011K, committed 65344K, reserved 1114112K
  class space    used 6781K, committed 7360K, reserved 1048576K
}
Event: 222.313 GC heap before
{Heap before GC invocations=199 (full 3):
 PSYoungGen      total 5632K, used 4704K [0x00000000d5580000, 0x00000000d5b80000, 0x0000000100000000)
  eden space 4608K, 100% used [0x00000000d5580000,0x00000000d5a00000,0x00000000d5a00000)
  from space 1024K, 9% used [0x00000000d5a00000,0x00000000d5a18000,0x00000000d5b00000)
  to   space 512K, 0% used [0x00000000d5b00000,0x00000000d5b00000,0x00000000d5b80000)
 ParOldGen       total 94720K, used 74665K [0x0000000080000000, 0x0000000085c80000, 0x00000000d5580000)
  object space 94720K, 78% used [0x0000000080000000,0x00000000848ea6b8,0x0000000085c80000)
 Metaspace       used 64567K, committed 65920K, reserved 1114112K
  class space    used 6837K, committed 7424K, reserved 1048576K
}
Event: 222.314 GC heap after
{Heap after GC invocations=199 (full 3):
 PSYoungGen      total 5120K, used 192K [0x00000000d5580000, 0x00000000d5b80000, 0x0000000100000000)
  eden space 4608K, 0% used [0x00000000d5580000,0x00000000d5580000,0x00000000d5a00000)
  from space 512K, 37% used [0x00000000d5b00000,0x00000000d5b30000,0x00000000d5b80000)
  to   space 512K, 0% used [0x00000000d5a80000,0x00000000d5a80000,0x00000000d5b00000)
 ParOldGen       total 94720K, used 74697K [0x0000000080000000, 0x0000000085c80000, 0x00000000d5580000)
  object space 94720K, 78% used [0x0000000080000000,0x00000000848f26b8,0x0000000085c80000)
 Metaspace       used 64567K, committed 65920K, reserved 1114112K
  class space    used 6837K, committed 7424K, reserved 1048576K
}
Event: 222.696 GC heap before
{Heap before GC invocations=200 (full 3):
 PSYoungGen      total 5120K, used 4800K [0x00000000d5580000, 0x00000000d5b80000, 0x0000000100000000)
  eden space 4608K, 100% used [0x00000000d5580000,0x00000000d5a00000,0x00000000d5a00000)
  from space 512K, 37% used [0x00000000d5b00000,0x00000000d5b30000,0x00000000d5b80000)
  to   space 512K, 0% used [0x00000000d5a80000,0x00000000d5a80000,0x00000000d5b00000)
 ParOldGen       total 94720K, used 74697K [0x0000000080000000, 0x0000000085c80000, 0x00000000d5580000)
  object space 94720K, 78% used [0x0000000080000000,0x00000000848f26b8,0x0000000085c80000)
 Metaspace       used 64809K, committed 66112K, reserved 1114112K
  class space    used 6855K, committed 7424K, reserved 1048576K
}
Event: 222.698 GC heap after
{Heap after GC invocations=200 (full 3):
 PSYoungGen      total 5120K, used 192K [0x00000000d5580000, 0x00000000d5b80000, 0x0000000100000000)
  eden space 4608K, 0% used [0x00000000d5580000,0x00000000d5580000,0x00000000d5a00000)
  from space 512K, 37% used [0x00000000d5a80000,0x00000000d5ab0000,0x00000000d5b00000)
  to   space 512K, 0% used [0x00000000d5b00000,0x00000000d5b00000,0x00000000d5b80000)
 ParOldGen       total 94720K, used 74873K [0x0000000080000000, 0x0000000085c80000, 0x00000000d5580000)
  object space 94720K, 79% used [0x0000000080000000,0x000000008491e6b8,0x0000000085c80000)
 Metaspace       used 64809K, committed 66112K, reserved 1114112K
  class space    used 6855K, committed 7424K, reserved 1048576K
}
Event: 223.574 GC heap before
{Heap before GC invocations=201 (full 3):
 PSYoungGen      total 5120K, used 4800K [0x00000000d5580000, 0x00000000d5b80000, 0x0000000100000000)
  eden space 4608K, 100% used [0x00000000d5580000,0x00000000d5a00000,0x00000000d5a00000)
  from space 512K, 37% used [0x00000000d5a80000,0x00000000d5ab0000,0x00000000d5b00000)
  to   space 512K, 0% used [0x00000000d5b00000,0x00000000d5b00000,0x00000000d5b80000)
 ParOldGen       total 94720K, used 74873K [0x0000000080000000, 0x0000000085c80000, 0x00000000d5580000)
  object space 94720K, 79% used [0x0000000080000000,0x000000008491e6b8,0x0000000085c80000)
 Metaspace       used 65009K, committed 66368K, reserved 1114112K
  class space    used 6887K, committed 7488K, reserved 1048576K
}
Event: 223.578 GC heap after
{Heap after GC invocations=201 (full 3):
 PSYoungGen      total 5120K, used 400K [0x00000000d5580000, 0x00000000d5b80000, 0x0000000100000000)
  eden space 4608K, 0% used [0x00000000d5580000,0x00000000d5580000,0x00000000d5a00000)
  from space 512K, 78% used [0x00000000d5b00000,0x00000000d5b64010,0x00000000d5b80000)
  to   space 512K, 0% used [0x00000000d5a80000,0x00000000d5a80000,0x00000000d5b00000)
 ParOldGen       total 94720K, used 75025K [0x0000000080000000, 0x0000000085c80000, 0x00000000d5580000)
  object space 94720K, 79% used [0x0000000080000000,0x00000000849446b8,0x0000000085c80000)
 Metaspace       used 65009K, committed 66368K, reserved 1114112K
  class space    used 6887K, committed 7488K, reserved 1048576K
}
Event: 224.025 GC heap before
{Heap before GC invocations=202 (full 3):
 PSYoungGen      total 5120K, used 5008K [0x00000000d5580000, 0x00000000d5b80000, 0x0000000100000000)
  eden space 4608K, 100% used [0x00000000d5580000,0x00000000d5a00000,0x00000000d5a00000)
  from space 512K, 78% used [0x00000000d5b00000,0x00000000d5b64010,0x00000000d5b80000)
  to   space 512K, 0% used [0x00000000d5a80000,0x00000000d5a80000,0x00000000d5b00000)
 ParOldGen       total 94720K, used 75025K [0x0000000080000000, 0x0000000085c80000, 0x00000000d5580000)
  object space 94720K, 79% used [0x0000000080000000,0x00000000849446b8,0x0000000085c80000)
 Metaspace       used 65126K, committed 66496K, reserved 1114112K
  class space    used 6902K, committed 7488K, reserved 1048576K
}
Event: 224.030 GC heap after
{Heap after GC invocations=202 (full 3):
 PSYoungGen      total 5120K, used 192K [0x00000000d5580000, 0x00000000d5b80000, 0x0000000100000000)
  eden space 4608K, 0% used [0x00000000d5580000,0x00000000d5580000,0x00000000d5a00000)
  from space 512K, 37% used [0x00000000d5a80000,0x00000000d5ab0000,0x00000000d5b00000)
  to   space 512K, 0% used [0x00000000d5b00000,0x00000000d5b00000,0x00000000d5b80000)
 ParOldGen       total 94720K, used 75369K [0x0000000080000000, 0x0000000085c80000, 0x00000000d5580000)
  object space 94720K, 79% used [0x0000000080000000,0x000000008499a6d8,0x0000000085c80000)
 Metaspace       used 65126K, committed 66496K, reserved 1114112K
  class space    used 6902K, committed 7488K, reserved 1048576K
}
Event: 225.367 GC heap before
{Heap before GC invocations=203 (full 3):
 PSYoungGen      total 5120K, used 4800K [0x00000000d5580000, 0x00000000d5b80000, 0x0000000100000000)
  eden space 4608K, 100% used [0x00000000d5580000,0x00000000d5a00000,0x00000000d5a00000)
  from space 512K, 37% used [0x00000000d5a80000,0x00000000d5ab0000,0x00000000d5b00000)
  to   space 512K, 0% used [0x00000000d5b00000,0x00000000d5b00000,0x00000000d5b80000)
 ParOldGen       total 94720K, used 75369K [0x0000000080000000, 0x0000000085c80000, 0x00000000d5580000)
  object space 94720K, 79% used [0x0000000080000000,0x000000008499a6d8,0x0000000085c80000)
 Metaspace       used 65313K, committed 66688K, reserved 1114112K
  class space    used 6916K, committed 7488K, reserved 1048576K
}
Event: 225.370 GC heap after
{Heap after GC invocations=203 (full 3):
 PSYoungGen      total 5120K, used 288K [0x00000000d5580000, 0x00000000d5b80000, 0x0000000100000000)
  eden space 4608K, 0% used [0x00000000d5580000,0x00000000d5580000,0x00000000d5a00000)
  from space 512K, 56% used [0x00000000d5b00000,0x00000000d5b48000,0x00000000d5b80000)
  to   space 512K, 0% used [0x00000000d5a80000,0x00000000d5a80000,0x00000000d5b00000)
 ParOldGen       total 94720K, used 75481K [0x0000000080000000, 0x0000000085c80000, 0x00000000d5580000)
  object space 94720K, 79% used [0x0000000080000000,0x00000000849b66d8,0x0000000085c80000)
 Metaspace       used 65313K, committed 66688K, reserved 1114112K
  class space    used 6916K, committed 7488K, reserved 1048576K
}
Event: 225.866 GC heap before
{Heap before GC invocations=204 (full 3):
 PSYoungGen      total 5120K, used 4896K [0x00000000d5580000, 0x00000000d5b80000, 0x0000000100000000)
  eden space 4608K, 100% used [0x00000000d5580000,0x00000000d5a00000,0x00000000d5a00000)
  from space 512K, 56% used [0x00000000d5b00000,0x00000000d5b48000,0x00000000d5b80000)
  to   space 512K, 0% used [0x00000000d5a80000,0x00000000d5a80000,0x00000000d5b00000)
 ParOldGen       total 94720K, used 75481K [0x0000000080000000, 0x0000000085c80000, 0x00000000d5580000)
  object space 94720K, 79% used [0x0000000080000000,0x00000000849b66d8,0x0000000085c80000)
 Metaspace       used 65394K, committed 66752K, reserved 1114112K
  class space    used 6922K, committed 7488K, reserved 1048576K
}
Event: 225.925 GC heap after
{Heap after GC invocations=204 (full 3):
 PSYoungGen      total 5120K, used 160K [0x00000000d5580000, 0x00000000d5b80000, 0x0000000100000000)
  eden space 4608K, 0% used [0x00000000d5580000,0x00000000d5580000,0x00000000d5a00000)
  from space 512K, 31% used [0x00000000d5a80000,0x00000000d5aa8000,0x00000000d5b00000)
  to   space 512K, 0% used [0x00000000d5b00000,0x00000000d5b00000,0x00000000d5b80000)
 ParOldGen       total 94720K, used 75690K [0x0000000080000000, 0x0000000085c80000, 0x00000000d5580000)
  object space 94720K, 79% used [0x0000000080000000,0x00000000849eaba0,0x0000000085c80000)
 Metaspace       used 65394K, committed 66752K, reserved 1114112K
  class space    used 6922K, committed 7488K, reserved 1048576K
}
Event: 226.656 GC heap before
{Heap before GC invocations=205 (full 3):
 PSYoungGen      total 5120K, used 4768K [0x00000000d5580000, 0x00000000d5b80000, 0x0000000100000000)
  eden space 4608K, 100% used [0x00000000d5580000,0x00000000d5a00000,0x00000000d5a00000)
  from space 512K, 31% used [0x00000000d5a80000,0x00000000d5aa8000,0x00000000d5b00000)
  to   space 512K, 0% used [0x00000000d5b00000,0x00000000d5b00000,0x00000000d5b80000)
 ParOldGen       total 94720K, used 75690K [0x0000000080000000, 0x0000000085c80000, 0x00000000d5580000)
  object space 94720K, 79% used [0x0000000080000000,0x00000000849eaba0,0x0000000085c80000)
 Metaspace       used 65428K, committed 66816K, reserved 1114112K
  class space    used 6923K, committed 7488K, reserved 1048576K
}
Event: 226.665 GC heap after
{Heap after GC invocations=205 (full 3):
 PSYoungGen      total 5120K, used 256K [0x00000000d5580000, 0x00000000d5b80000, 0x0000000100000000)
  eden space 4608K, 0% used [0x00000000d5580000,0x00000000d5580000,0x00000000d5a00000)
  from space 512K, 50% used [0x00000000d5b00000,0x00000000d5b40000,0x00000000d5b80000)
  to   space 512K, 0% used [0x00000000d5a80000,0x00000000d5a80000,0x00000000d5b00000)
 ParOldGen       total 94720K, used 75778K [0x0000000080000000, 0x0000000085c80000, 0x00000000d5580000)
  object space 94720K, 80% used [0x0000000080000000,0x0000000084a00ba0,0x0000000085c80000)
 Metaspace       used 65428K, committed 66816K, reserved 1114112K
  class space    used 6923K, committed 7488K, reserved 1048576K
}
Event: 2224.488 GC heap before
{Heap before GC invocations=206 (full 3):
 PSYoungGen      total 5120K, used 4838K [0x00000000d5580000, 0x00000000d5b80000, 0x0000000100000000)
  eden space 4608K, 99% used [0x00000000d5580000,0x00000000d59f9b70,0x00000000d5a00000)
  from space 512K, 50% used [0x00000000d5b00000,0x00000000d5b40000,0x00000000d5b80000)
  to   space 512K, 0% used [0x00000000d5a80000,0x00000000d5a80000,0x00000000d5b00000)
 ParOldGen       total 94720K, used 75778K [0x0000000080000000, 0x0000000085c80000, 0x00000000d5580000)
  object space 94720K, 80% used [0x0000000080000000,0x0000000084a00ba0,0x0000000085c80000)
 Metaspace       used 65510K, committed 66880K, reserved 1114112K
  class space    used 6928K, committed 7488K, reserved 1048576K
}
Event: 2224.758 GC heap after
{Heap after GC invocations=206 (full 3):
 PSYoungGen      total 5120K, used 416K [0x00000000d5580000, 0x00000000d5b80000, 0x0000000100000000)
  eden space 4608K, 0% used [0x00000000d5580000,0x00000000d5580000,0x00000000d5a00000)
  from space 512K, 81% used [0x00000000d5a80000,0x00000000d5ae8000,0x00000000d5b00000)
  to   space 512K, 0% used [0x00000000d5b00000,0x00000000d5b00000,0x00000000d5b80000)
 ParOldGen       total 94720K, used 75906K [0x0000000080000000, 0x0000000085c80000, 0x00000000d5580000)
  object space 94720K, 80% used [0x0000000080000000,0x0000000084a20a58,0x0000000085c80000)
 Metaspace       used 65510K, committed 66880K, reserved 1114112K
  class space    used 6928K, committed 7488K, reserved 1048576K
}

