# JRE version: OpenJDK Runtime Environment Temurin-21.0.8+9 (21.0.8+9) (build 21.0.8+9-LTS)
# Java VM: OpenJDK 64-Bit Server VM Temurin-21.0.8+9 (21.0.8+9-LTS, mixed mode, sharing, tiered, compressed oops, compressed class ptrs, parallel gc, windows-amd64)
GC Precious Log:
 CardTable entry size: 512
 CPUs: 2 total, 2 available
 Memory: 3534M
 Large Page Support: Disabled
 NUMA Support: Disabled
 Compressed Oops: Enabled (32-bit)
 Alignments: Space 512K, Generation 512K, Heap 2M
 Heap Min Capacity: 100M
 Heap Initial Capacity: 100M
 Heap Max Capacity: 2G
 Pre-touch: Disabled
 Parallel Workers: 2
Heap:
 PSYoungGen      total 2560K, used 293K [0x00000000d5580000, 0x00000000d5a00000, 0x0000000100000000)
  eden space 2048K, 9% used [0x00000000d5580000,0x00000000d55b1710,0x00000000d5780000)
  from space 512K, 18% used [0x00000000d5980000,0x00000000d5998000,0x00000000d5a00000)
  to   space 512K, 0% used [0x00000000d5900000,0x00000000d5900000,0x00000000d5980000)
 ParOldGen       total 393216K, used 392736K [0x0000000080000000, 0x0000000098000000, 0x00000000d5580000)
  object space 393216K, 99% used [0x0000000080000000,0x0000000097f881f0,0x0000000098000000)
 Metaspace       used 72342K, committed 73920K, reserved 1179648K
  class space    used 7143K, committed 7808K, reserved 1048576K
GC Heap History (20 events):
Event: 512.966 GC heap before
{Heap before GC invocations=953 (full 4):
 PSYoungGen      total 3072K, used 2562K [0x00000000d5580000, 0x00000000d5980000, 0x0000000100000000)
  eden space 2048K, 98% used [0x00000000d5580000,0x00000000d5778a80,0x00000000d5780000)
  from space 1024K, 53% used [0x00000000d5880000,0x00000000d5908000,0x00000000d5980000)
  to   space 1024K, 0% used [0x00000000d5780000,0x00000000d5780000,0x00000000d5880000)
 ParOldGen       total 388096K, used 387741K [0x0000000080000000, 0x0000000097b00000, 0x00000000d5580000)
  object space 388096K, 99% used [0x0000000080000000,0x0000000097aa7528,0x0000000097b00000)
 Metaspace       used 71996K, committed 73600K, reserved 1179648K
  class space    used 7113K, committed 7808K, reserved 1048576K
}
Event: 512.970 GC heap after
{Heap after GC invocations=953 (full 4):
 PSYoungGen      total 3072K, used 1023K [0x00000000d5580000, 0x00000000d5a80000, 0x0000000100000000)
  eden space 2048K, 0% used [0x00000000d5580000,0x00000000d5580000,0x00000000d5780000)
  from space 1024K, 99% used [0x00000000d5780000,0x00000000d587fe58,0x00000000d5880000)
  to   space 1536K, 0% used [0x00000000d5900000,0x00000000d5900000,0x00000000d5a80000)
 ParOldGen       total 388608K, used 388230K [0x0000000080000000, 0x0000000097b80000, 0x00000000d5580000)
  object space 388608K, 99% used [0x0000000080000000,0x0000000097b21b98,0x0000000097b80000)
 Metaspace       used 71996K, committed 73600K, reserved 1179648K
  class space    used 7113K, committed 7808K, reserved 1048576K
}
Event: 512.980 GC heap before
{Heap before GC invocations=954 (full 4):
 PSYoungGen      total 3072K, used 3071K [0x00000000d5580000, 0x00000000d5a80000, 0x0000000100000000)
  eden space 2048K, 100% used [0x00000000d5580000,0x00000000d5780000,0x00000000d5780000)
  from space 1024K, 99% used [0x00000000d5780000,0x00000000d587fe58,0x00000000d5880000)
  to   space 1536K, 0% used [0x00000000d5900000,0x00000000d5900000,0x00000000d5a80000)
 ParOldGen       total 388608K, used 388230K [0x0000000080000000, 0x0000000097b80000, 0x00000000d5580000)
  object space 388608K, 99% used [0x0000000080000000,0x0000000097b21b98,0x0000000097b80000)
 Metaspace       used 71996K, committed 73600K, reserved 1179648K
  class space    used 7113K, committed 7808K, reserved 1048576K
}
Event: 512.984 GC heap after
{Heap after GC invocations=954 (full 4):
 PSYoungGen      total 3584K, used 1044K [0x00000000d5580000, 0x00000000d5b00000, 0x0000000100000000)
  eden space 2048K, 0% used [0x00000000d5580000,0x00000000d5580000,0x00000000d5780000)
  from space 1536K, 67% used [0x00000000d5900000,0x00000000d5a05128,0x00000000d5a80000)
  to   space 1536K, 0% used [0x00000000d5780000,0x00000000d5780000,0x00000000d5900000)
 ParOldGen       total 389632K, used 389157K [0x0000000080000000, 0x0000000097c80000, 0x00000000d5580000)
  object space 389632K, 99% used [0x0000000080000000,0x0000000097c09530,0x0000000097c80000)
 Metaspace       used 71996K, committed 73600K, reserved 1179648K
  class space    used 7113K, committed 7808K, reserved 1048576K
}
Event: 513.065 GC heap before
{Heap before GC invocations=955 (full 4):
 PSYoungGen      total 3584K, used 3092K [0x00000000d5580000, 0x00000000d5b00000, 0x0000000100000000)
  eden space 2048K, 100% used [0x00000000d5580000,0x00000000d5780000,0x00000000d5780000)
  from space 1536K, 67% used [0x00000000d5900000,0x00000000d5a05128,0x00000000d5a80000)
  to   space 1536K, 0% used [0x00000000d5780000,0x00000000d5780000,0x00000000d5900000)
 ParOldGen       total 389632K, used 389157K [0x0000000080000000, 0x0000000097c80000, 0x00000000d5580000)
  object space 389632K, 99% used [0x0000000080000000,0x0000000097c09530,0x0000000097c80000)
 Metaspace       used 71997K, committed 73600K, reserved 1179648K
  class space    used 7113K, committed 7808K, reserved 1048576K
}
Event: 513.068 GC heap after
{Heap after GC invocations=955 (full 4):
 PSYoungGen      total 3072K, used 627K [0x00000000d5580000, 0x00000000d5980000, 0x0000000100000000)
  eden space 2048K, 0% used [0x00000000d5580000,0x00000000d5580000,0x00000000d5780000)
  from space 1024K, 61% used [0x00000000d5780000,0x00000000d581cc00,0x00000000d5880000)
  to   space 1024K, 0% used [0x00000000d5880000,0x00000000d5880000,0x00000000d5980000)
 ParOldGen       total 390656K, used 390151K [0x0000000080000000, 0x0000000097d80000, 0x00000000d5580000)
  object space 390656K, 99% used [0x0000000080000000,0x0000000097d01ee0,0x0000000097d80000)
 Metaspace       used 71997K, committed 73600K, reserved 1179648K
  class space    used 7113K, committed 7808K, reserved 1048576K
}
Event: 513.078 GC heap before
{Heap before GC invocations=956 (full 4):
 PSYoungGen      total 3072K, used 2675K [0x00000000d5580000, 0x00000000d5980000, 0x0000000100000000)
  eden space 2048K, 100% used [0x00000000d5580000,0x00000000d5780000,0x00000000d5780000)
  from space 1024K, 61% used [0x00000000d5780000,0x00000000d581cc00,0x00000000d5880000)
  to   space 1024K, 0% used [0x00000000d5880000,0x00000000d5880000,0x00000000d5980000)
 ParOldGen       total 390656K, used 390151K [0x0000000080000000, 0x0000000097d80000, 0x00000000d5580000)
  object space 390656K, 99% used [0x0000000080000000,0x0000000097d01ee0,0x0000000097d80000)
 Metaspace       used 71997K, committed 73600K, reserved 1179648K
  class space    used 7113K, committed 7808K, reserved 1048576K
}
Event: 513.081 GC heap after
{Heap after GC invocations=956 (full 4):
 PSYoungGen      total 3072K, used 868K [0x00000000d5580000, 0x00000000d5980000, 0x0000000100000000)
  eden space 2048K, 0% used [0x00000000d5580000,0x00000000d5580000,0x00000000d5780000)
  from space 1024K, 84% used [0x00000000d5880000,0x00000000d5959030,0x00000000d5980000)
  to   space 1024K, 0% used [0x00000000d5780000,0x00000000d5780000,0x00000000d5880000)
 ParOldGen       total 391168K, used 390766K [0x0000000080000000, 0x0000000097e00000, 0x00000000d5580000)
  object space 391168K, 99% used [0x0000000080000000,0x0000000097d9b968,0x0000000097e00000)
 Metaspace       used 71997K, committed 73600K, reserved 1179648K
  class space    used 7113K, committed 7808K, reserved 1048576K
}
Event: 513.093 GC heap before
{Heap before GC invocations=957 (full 4):
 PSYoungGen      total 3072K, used 2916K [0x00000000d5580000, 0x00000000d5980000, 0x0000000100000000)
  eden space 2048K, 100% used [0x00000000d5580000,0x00000000d5780000,0x00000000d5780000)
  from space 1024K, 84% used [0x00000000d5880000,0x00000000d5959030,0x00000000d5980000)
  to   space 1024K, 0% used [0x00000000d5780000,0x00000000d5780000,0x00000000d5880000)
 ParOldGen       total 391168K, used 390766K [0x0000000080000000, 0x0000000097e00000, 0x00000000d5580000)
  object space 391168K, 99% used [0x0000000080000000,0x0000000097d9b968,0x0000000097e00000)
 Metaspace       used 71997K, committed 73600K, reserved 1179648K
  class space    used 7113K, committed 7808K, reserved 1048576K
}
Event: 513.096 GC heap after
{Heap after GC invocations=957 (full 4):
 PSYoungGen      total 3072K, used 768K [0x00000000d5580000, 0x00000000d5980000, 0x0000000100000000)
  eden space 2048K, 0% used [0x00000000d5580000,0x00000000d5580000,0x00000000d5780000)
  from space 1024K, 75% used [0x00000000d5780000,0x00000000d5840000,0x00000000d5880000)
  to   space 1024K, 0% used [0x00000000d5880000,0x00000000d5880000,0x00000000d5980000)
 ParOldGen       total 391168K, used 390790K [0x0000000080000000, 0x0000000097e00000, 0x00000000d5580000)
  object space 391168K, 99% used [0x0000000080000000,0x0000000097da1968,0x0000000097e00000)
 Metaspace       used 71997K, committed 73600K, reserved 1179648K
  class space    used 7113K, committed 7808K, reserved 1048576K
}
Event: 513.168 GC heap before
{Heap before GC invocations=958 (full 4):
 PSYoungGen      total 3072K, used 2797K [0x00000000d5580000, 0x00000000d5980000, 0x0000000100000000)
  eden space 2048K, 99% used [0x00000000d5580000,0x00000000d577b698,0x00000000d5780000)
  from space 1024K, 75% used [0x00000000d5780000,0x00000000d5840000,0x00000000d5880000)
  to   space 1024K, 0% used [0x00000000d5880000,0x00000000d5880000,0x00000000d5980000)
 ParOldGen       total 391168K, used 390790K [0x0000000080000000, 0x0000000097e00000, 0x00000000d5580000)
  object space 391168K, 99% used [0x0000000080000000,0x0000000097da1968,0x0000000097e00000)
 Metaspace       used 71997K, committed 73600K, reserved 1179648K
  class space    used 7113K, committed 7808K, reserved 1048576K
}
Event: 513.170 GC heap after
{Heap after GC invocations=958 (full 4):
 PSYoungGen      total 2560K, used 204K [0x00000000d5580000, 0x00000000d5900000, 0x0000000100000000)
  eden space 2048K, 0% used [0x00000000d5580000,0x00000000d5580000,0x00000000d5780000)
  from space 512K, 39% used [0x00000000d5880000,0x00000000d58b3320,0x00000000d5900000)
  to   space 512K, 0% used [0x00000000d5800000,0x00000000d5800000,0x00000000d5880000)
 ParOldGen       total 391168K, used 390814K [0x0000000080000000, 0x0000000097e00000, 0x00000000d5580000)
  object space 391168K, 99% used [0x0000000080000000,0x0000000097da7968,0x0000000097e00000)
 Metaspace       used 71997K, committed 73600K, reserved 1179648K
  class space    used 7113K, committed 7808K, reserved 1048576K
}
Event: 513.200 GC heap before
{Heap before GC invocations=959 (full 4):
 PSYoungGen      total 2560K, used 2252K [0x00000000d5580000, 0x00000000d5900000, 0x0000000100000000)
  eden space 2048K, 100% used [0x00000000d5580000,0x00000000d5780000,0x00000000d5780000)
  from space 512K, 39% used [0x00000000d5880000,0x00000000d58b3320,0x00000000d5900000)
  to   space 512K, 0% used [0x00000000d5800000,0x00000000d5800000,0x00000000d5880000)
 ParOldGen       total 391168K, used 390814K [0x0000000080000000, 0x0000000097e00000, 0x00000000d5580000)
  object space 391168K, 99% used [0x0000000080000000,0x0000000097da7968,0x0000000097e00000)
 Metaspace       used 71997K, committed 73600K, reserved 1179648K
  class space    used 7113K, committed 7808K, reserved 1048576K
}
Event: 513.205 GC heap after
{Heap after GC invocations=959 (full 4):
 PSYoungGen      total 2560K, used 505K [0x00000000d5580000, 0x00000000d5b80000, 0x0000000100000000)
  eden space 2048K, 0% used [0x00000000d5580000,0x00000000d5580000,0x00000000d5780000)
  from space 512K, 98% used [0x00000000d5800000,0x00000000d587e660,0x00000000d5880000)
  to   space 2048K, 0% used [0x00000000d5980000,0x00000000d5980000,0x00000000d5b80000)
 ParOldGen       total 392192K, used 392048K [0x0000000080000000, 0x0000000097f00000, 0x00000000d5580000)
  object space 392192K, 99% used [0x0000000080000000,0x0000000097edc0c8,0x0000000097f00000)
 Metaspace       used 71997K, committed 73600K, reserved 1179648K
  class space    used 7113K, committed 7808K, reserved 1048576K
}
Event: 627.299 GC heap before
{Heap before GC invocations=960 (full 4):
 PSYoungGen      total 2560K, used 2553K [0x00000000d5580000, 0x00000000d5b80000, 0x0000000100000000)
  eden space 2048K, 100% used [0x00000000d5580000,0x00000000d5780000,0x00000000d5780000)
  from space 512K, 98% used [0x00000000d5800000,0x00000000d587e660,0x00000000d5880000)
  to   space 2048K, 0% used [0x00000000d5980000,0x00000000d5980000,0x00000000d5b80000)
 ParOldGen       total 392192K, used 392048K [0x0000000080000000, 0x0000000097f00000, 0x00000000d5580000)
  object space 392192K, 99% used [0x0000000080000000,0x0000000097edc0c8,0x0000000097f00000)
 Metaspace       used 72142K, committed 73792K, reserved 1179648K
  class space    used 7132K, committed 7808K, reserved 1048576K
}
Event: 627.576 GC heap after
{Heap after GC invocations=960 (full 4):
 PSYoungGen      total 2560K, used 398K [0x00000000d5580000, 0x00000000d5a00000, 0x0000000100000000)
  eden space 2048K, 0% used [0x00000000d5580000,0x00000000d5580000,0x00000000d5780000)
  from space 512K, 77% used [0x00000000d5980000,0x00000000d59e3990,0x00000000d5a00000)
  to   space 1024K, 0% used [0x00000000d5800000,0x00000000d5800000,0x00000000d5900000)
 ParOldGen       total 392192K, used 392104K [0x0000000080000000, 0x0000000097f00000, 0x00000000d5580000)
  object space 392192K, 99% used [0x0000000080000000,0x0000000097eea0c8,0x0000000097f00000)
 Metaspace       used 72142K, committed 73792K, reserved 1179648K
  class space    used 7132K, committed 7808K, reserved 1048576K
}
Event: 629.558 GC heap before
{Heap before GC invocations=961 (full 4):
 PSYoungGen      total 2560K, used 2446K [0x00000000d5580000, 0x00000000d5a00000, 0x0000000100000000)
  eden space 2048K, 100% used [0x00000000d5580000,0x00000000d5780000,0x00000000d5780000)
  from space 512K, 77% used [0x00000000d5980000,0x00000000d59e3990,0x00000000d5a00000)
  to   space 1024K, 0% used [0x00000000d5800000,0x00000000d5800000,0x00000000d5900000)
 ParOldGen       total 392192K, used 392104K [0x0000000080000000, 0x0000000097f00000, 0x00000000d5580000)
  object space 392192K, 99% used [0x0000000080000000,0x0000000097eea0c8,0x0000000097f00000)
 Metaspace       used 72289K, committed 73920K, reserved 1179648K
  class space    used 7141K, committed 7808K, reserved 1048576K
}
Event: 629.568 GC heap after
{Heap after GC invocations=961 (full 4):
 PSYoungGen      total 3072K, used 320K [0x00000000d5580000, 0x00000000d5a00000, 0x0000000100000000)
  eden space 2048K, 0% used [0x00000000d5580000,0x00000000d5580000,0x00000000d5780000)
  from space 1024K, 31% used [0x00000000d5800000,0x00000000d5850000,0x00000000d5900000)
  to   space 512K, 0% used [0x00000000d5980000,0x00000000d5980000,0x00000000d5a00000)
 ParOldGen       total 392704K, used 392472K [0x0000000080000000, 0x0000000097f80000, 0x00000000d5580000)
  object space 392704K, 99% used [0x0000000080000000,0x0000000097f461f0,0x0000000097f80000)
 Metaspace       used 72289K, committed 73920K, reserved 1179648K
  class space    used 7141K, committed 7808K, reserved 1048576K
}
Event: 6741.689 GC heap before
{Heap before GC invocations=962 (full 4):
 PSYoungGen      total 3072K, used 2368K [0x00000000d5580000, 0x00000000d5a00000, 0x0000000100000000)
  eden space 2048K, 100% used [0x00000000d5580000,0x00000000d5780000,0x00000000d5780000)
  from space 1024K, 31% used [0x00000000d5800000,0x00000000d5850000,0x00000000d5900000)
  to   space 512K, 0% used [0x00000000d5980000,0x00000000d5980000,0x00000000d5a00000)
 ParOldGen       total 392704K, used 392472K [0x0000000080000000, 0x0000000097f80000, 0x00000000d5580000)
  object space 392704K, 99% used [0x0000000080000000,0x0000000097f461f0,0x0000000097f80000)
 Metaspace       used 72338K, committed 73920K, reserved 1179648K
  class space    used 7143K, committed 7808K, reserved 1048576K
}
Event: 6742.017 GC heap after
{Heap after GC invocations=962 (full 4):
 PSYoungGen      total 2560K, used 96K [0x00000000d5580000, 0x00000000d5a00000, 0x0000000100000000)
  eden space 2048K, 0% used [0x00000000d5580000,0x00000000d5580000,0x00000000d5780000)
  from space 512K, 18% used [0x00000000d5980000,0x00000000d5998000,0x00000000d5a00000)
  to   space 512K, 0% used [0x00000000d5900000,0x00000000d5900000,0x00000000d5980000)
 ParOldGen       total 393216K, used 392736K [0x0000000080000000, 0x0000000098000000, 0x00000000d5580000)
  object space 393216K, 99% used [0x0000000080000000,0x0000000097f881f0,0x0000000098000000)
 Metaspace       used 72338K, committed 73920K, reserved 1179648K
  class space    used 7143K, committed 7808K, reserved 1048576K
}

